<?xml version="1.0" encoding="UTF-8"?>
<!-- Generated by org.testng.reporters.JUnitReportReporter -->
<testsuite hostname="HDC3-LX-0168V46" failures="0" tests="1" name="hemanthPractice.SubmitOrder" time="6.724" errors="0" timestamp="2023-08-09T12:09:17 IST" skipped="0">
  <testcase classname="hemanthPractice.SubmitOrder" name="submitOrder" time="6.724"/>
  <system-out/>
</testsuite> <!-- hemanthPractice.SubmitOrder -->
