<?xml version="1.0" encoding="UTF-8"?>
<!-- Generated by org.testng.reporters.JUnitReportReporter -->
<testsuite hostname="HDC3-LX-0168V46" failures="0" tests="3" name="hemanthPractice.Tests.SubmitOrder" time="13.648" errors="0" timestamp="2023-08-22T14:35:51 IST" skipped="0">
  <testcase classname="hemanthPractice.Tests.SubmitOrder" name="submitOrder" time="6.111"/>
  <testcase classname="hemanthPractice.Tests.SubmitOrder" name="submitOrder" time="5.170"/>
  <testcase classname="hemanthPractice.Tests.SubmitOrder" name="verifyOrder" time="2.367"/>
</testsuite> <!-- hemanthPractice.Tests.SubmitOrder -->
