<?xml version="1.0" encoding="UTF-8"?>
<!-- Generated by org.testng.reporters.JUnitReportReporter -->
<testsuite hostname="HDC3-LX-0168V46" failures="0" tests="2" name="hemanthPractice.Tests.ValidateErrorLogin" time="5.061" errors="0" timestamp="2023-08-22T14:35:51 IST" skipped="0">
  <testcase classname="hemanthPractice.Tests.ValidateErrorLogin" name="productErrorValidation" time="3.097"/>
  <testcase classname="hemanthPractice.Tests.ValidateErrorLogin" name="loginErrorValidation" time="1.964"/>
</testsuite> <!-- hemanthPractice.Tests.ValidateErrorLogin -->
