<?xml version="1.0" encoding="UTF-8"?>
<!-- Generated by org.testng.reporters.JUnitReportReporter -->
<testsuite hostname="HDC3-LX-0168V46" failures="0" tests="2" name="cucumber.TestNGCucumberRunner" time="42.026" errors="0" timestamp="2023-08-24T10:31:52 IST" skipped="0">
  <testcase classname="cucumber.TestNGCucumberRunner" name="runScenario" time="19.722"/>
  <testcase classname="cucumber.TestNGCucumberRunner" name="runScenario" time="22.304"/>
</testsuite> <!-- cucumber.TestNGCucumberRunner -->
