<?xml version="1.0" encoding="UTF-8"?>
<!-- Generated by org.testng.reporters.JUnitReportReporter -->
<testsuite hostname="HDC3-LX-0168V46" failures="0" tests="3" name="cucumber.TestNGCucumberRunner" time="52.977" errors="0" timestamp="2023-08-25T13:49:28 IST" skipped="0">
  <testcase classname="cucumber.TestNGCucumberRunner" name="runScenario" time="20.980"/>
  <testcase classname="cucumber.TestNGCucumberRunner" name="runScenario" time="14.883"/>
  <testcase classname="cucumber.TestNGCucumberRunner" name="runScenario" time="17.114"/>
</testsuite> <!-- cucumber.TestNGCucumberRunner -->
