<?xml version="1.0" encoding="UTF-8"?>
<!-- Generated by org.testng.reporters.JUnitReportReporter -->
<testsuite hostname="HDC3-LX-0168V46" failures="0" tests="3" name="cucumber.TestNGCucumberRunner" time="52.614" errors="0" timestamp="2023-08-25T15:40:35 IST" skipped="0">
  <testcase classname="cucumber.TestNGCucumberRunner" name="runScenario" time="19.463"/>
  <testcase classname="cucumber.TestNGCucumberRunner" name="runScenario" time="15.822"/>
  <testcase classname="cucumber.TestNGCucumberRunner" name="runScenario" time="17.329"/>
</testsuite> <!-- cucumber.TestNGCucumberRunner -->
